<?xml version="1.0" encoding="UTF-8"?>
<!-- Generated by org.testng.reporters.JUnitXMLReporter -->
<testsuite hostname="BSNO4_D00827" ignored="0" name="Test" tests="11" failures="0" timestamp="19 Feb 2018 09:57:37 GMT" time="79.47" errors="0">
  <testcase name="testLoginToApplication" time="16.335" classname="Registration.Registration"/>
  <testcase name="testVerifyProductCounts" time="16.867" classname="ProductDetails.VerifyProductCounts"/>
  <testcase name="verifyLowestFirstPriceListInProduct_deatilsPage" time="18.822" classname="ProductDetails.VerifyLowestFirstPriceFilter"/>
  <testcase name="testLoginToApplication" time="10.988" classname="loginPage.LoginTest"/>
  <testcase name="testLogin" time="0.0" classname="homepage.TestDataDrivenScript"/>
  <testcase name="testLogin" time="0.0" classname="homepage.TestDataDrivenScript"/>
  <testcase name="testLogin" time="0.0" classname="homepage.TestDataDrivenScript"/>
  <testcase name="testLogin" time="0.0" classname="homepage.TestDataDrivenScript"/>
  <testcase name="testLogin" time="0.0" classname="homepage.TestDataDrivenScript"/>
  <testcase name="testLogin" time="0.015" classname="homepage.TestDataDrivenScript"/>
  <testcase name="testLogin" time="0.0" classname="homepage.TestDataDrivenScript"/>
</testsuite> <!-- Test -->
