<?xml version="1.0" encoding="UTF-8"?>
<!-- Generated by org.testng.reporters.JUnitXMLReporter -->
<testsuite hostname="BSNO4_D00827" ignored="0" name="Test" tests="11" failures="0" timestamp="12 Feb 2018 10:44:57 GMT" time="89.198" errors="0">
  <testcase name="testLoginToApplication" time="17.176" classname="Registration.Registration"/>
  <testcase name="testVerifyProductCounts" time="19.08" classname="ProductDetails.VerifyProductCounts"/>
  <testcase name="verifyLowestFirstPriceListInProduct_deatilsPage" time="20.678" classname="ProductDetails.VerifyLowestFirstPriceFilter"/>
  <testcase name="testLoginToApplication" time="12.479" classname="loginPage.LoginTest"/>
  <testcase name="testLogin" time="0.0" classname="homepage.TestDataDrivenScript"/>
  <testcase name="testLogin" time="0.0" classname="homepage.TestDataDrivenScript"/>
  <testcase name="testLogin" time="0.0" classname="homepage.TestDataDrivenScript"/>
  <testcase name="testLogin" time="0.0" classname="homepage.TestDataDrivenScript"/>
  <testcase name="testLogin" time="0.0" classname="homepage.TestDataDrivenScript"/>
  <testcase name="testLogin" time="0.0" classname="homepage.TestDataDrivenScript"/>
  <testcase name="testLogin" time="0.0" classname="homepage.TestDataDrivenScript"/>
</testsuite> <!-- Test -->
